/Applications/CLion.app/Contents/bin/cmake/mac/bin/cmake -DCMAKE_BUILD_TYPE=Debug -DCMAKE_MAKE_PROGRAM=/Applications/CLion.app/Contents/bin/ninja/mac/ninja -G Ninja -S /Users/stephanosterburg/Projects/CppND-Route-Planning-Project -B /Users/stephanosterburg/Projects/CppND-Route-Planning-Project/cmake-build-debug
CMake Warning at /Applications/CLion.app/Contents/bin/cmake/mac/share/cmake-3.24/Modules/Platform/Darwin-Initialize.cmake:303 (message):
  Ignoring CMAKE_OSX_SYSROOT value:

   /Applications/Xcode.app/Contents/Developer/Platforms/MacOSX.platform/Developer/SDKs/MacOSX12.3.sdk

  because the directory does not exist.
Call Stack (most recent call first):
  /Applications/CLion.app/Contents/bin/cmake/mac/share/cmake-3.24/Modules/CMakeSystemSpecificInitialize.cmake:21 (include)
  CMakeLists.txt:6 (project)


-- The C compiler identification is AppleClang 14.0.0.14000029
-- The CXX compiler identification is AppleClang 14.0.0.14000029
-- Detecting C compiler ABI info
-- Detecting C compiler ABI info - failed
-- Check for working C compiler: /Applications/Xcode.app/Contents/Developer/Toolchains/XcodeDefault.xctoolchain/usr/bin/cc
-- Check for working C compiler: /Applications/Xcode.app/Contents/Developer/Toolchains/XcodeDefault.xctoolchain/usr/bin/cc - broken
CMake Error at /Applications/CLion.app/Contents/bin/cmake/mac/share/cmake-3.24/Modules/CMakeTestCCompiler.cmake:69 (message):
  The C compiler

    "/Applications/Xcode.app/Contents/Developer/Toolchains/XcodeDefault.xctoolchain/usr/bin/cc"

  is not able to compile a simple test program.

  It fails with the following output:

    Change Dir: /Users/stephanosterburg/Projects/CppND-Route-Planning-Project/cmake-build-debug/CMakeFiles/CMakeTmp
    
    Run Build Command(s):/Applications/CLion.app/Contents/bin/ninja/mac/ninja cmTC_ae827 && [1/2] Building C object CMakeFiles/cmTC_ae827.dir/testCCompiler.c.o
    [2/2] Linking C executable cmTC_ae827
    FAILED: cmTC_ae827 
    : && /Applications/Xcode.app/Contents/Developer/Toolchains/XcodeDefault.xctoolchain/usr/bin/cc -mmacosx-version-min=12.6 -Wl,-search_paths_first -Wl,-headerpad_max_install_names  CMakeFiles/cmTC_ae827.dir/testCCompiler.c.o -o cmTC_ae827   && :
    ld: library not found for -lSystem
    clang: error: linker command failed with exit code 1 (use -v to see invocation)
    ninja: build stopped: subcommand failed.
    
    

  

  CMake will not be able to correctly generate this project.
Call Stack (most recent call first):
  CMakeLists.txt:6 (project)


-- Configuring incomplete, errors occurred!
See also "/Users/stephanosterburg/Projects/CppND-Route-Planning-Project/cmake-build-debug/CMakeFiles/CMakeOutput.log".
See also "/Users/stephanosterburg/Projects/CppND-Route-Planning-Project/cmake-build-debug/CMakeFiles/CMakeError.log".
